{
  "RSpec": {
    "coverage": {
      "/home/beautiful-form-5403/tic-tac-toe-rb-ruby-intro-000/lib/tic_tac_toe.rb": [
        null,
        1,
        null,
        null,
        null,
        null,
        null,
        null,
        null,
        null,
        null,
        1,
        5,
        5,
        5,
        5,
        5,
        null,
        null,
        1,
        3,
        null,
        null,
        1,
        3,
        null,
        null,
        1,
        7,
        4,
        null,
        3,
        null,
        null,
        null,
        1,
        2,
        1,
        null,
        1,
        null,
        null,
        null,
        1,
        3,
        1,
        null,
        2,
        null,
        null,
        null,
        1,
        0,
        0,
        0,
        0,
        0,
        0,
        null,
        0,
        null,
        null,
        null,
        1,
        2,
        2,
        18,
        5,
        null,
        null,
        2,
        null,
        null,
        1,
        1,
        1,
        1,
        null,
        0,
        null,
        null,
        null,
        1,
        31,
        180,
        180,
        180,
        null,
        180,
        180,
        180,
        null,
        180,
        11,
        169,
        4,
        null,
        null,
        16,
        null,
        null,
        null,
        1,
        99,
        null,
        null,
        1,
        10,
        4,
        null,
        6,
        null,
        null,
        null,
        1,
        11,
        7,
        null,
        4,
        null,
        null,
        null,
        1,
        6,
        6,
        6,
        null,
        null,
        5,
        3,
        null,
        2,
        null,
        null,
        null,
        null,
        1,
        12,
        7,
        null,
        null,
        5,
        3,
        2,
        2,
        null,
        null
      ]
    },
    "timestamp": 1602867982
  }
}
